  0%|          | 0/4 [00:00<?, ?it/s]/home/mschl/2DSimulator/entities.py:65: FutureWarning: The input object of type 'Tensor' is an array-like implementing one of the corresponding protocols (`__array__`, `__array_interface__` or `__array_struct__`); but not a sequence (or 0-D). In the future, this object will be coerced as if it was first converted using `np.array(obj)`. To retain the old behaviour, you have to either modify the type 'Tensor', or assign to an empty array created with `np.empty(correct_shape, dtype=object)`.
  acc_new = np.array([np.cos(heading) * acc_abs, np.sin(heading) * acc_abs])
/home/mschl/2DSimulator/entities.py:65: VisibleDeprecationWarning: Creating an ndarray from ragged nested sequences (which is a list-or-tuple of lists-or-tuples-or ndarrays with different lengths or shapes) is deprecated. If you meant to do this, you must specify 'dtype=object' when creating the ndarray.
  acc_new = np.array([np.cos(heading) * acc_abs, np.sin(heading) * acc_abs])
/home/mschl/2DSimulator/entities.py:55: VisibleDeprecationWarning: Creating an ndarray from ragged nested sequences (which is a list-or-tuple of lists-or-tuples-or ndarrays with different lengths or shapes) is deprecated. If you meant to do this, you must specify 'dtype=object' when creating the ndarray.
  return np.array([z[2],z[3],acc[0],acc[1]])
/home/mschl/2DSimulator/entities.py:55: FutureWarning: The input object of type 'Tensor' is an array-like implementing one of the corresponding protocols (`__array__`, `__array_interface__` or `__array_struct__`); but not a sequence (or 0-D). In the future, this object will be coerced as if it was first converted using `np.array(obj)`. To retain the old behaviour, you have to either modify the type 'Tensor', or assign to an empty array created with `np.empty(correct_shape, dtype=object)`.
  return np.array([z[2],z[3],acc[0],acc[1]])
/home/mschl/2DSimulator/entities.py:61: FutureWarning: The input object of type 'Tensor' is an array-like implementing one of the corresponding protocols (`__array__`, `__array_interface__` or `__array_struct__`); but not a sequence (or 0-D). In the future, this object will be coerced as if it was first converted using `np.array(obj)`. To retain the old behaviour, you have to either modify the type 'Tensor', or assign to an empty array created with `np.empty(correct_shape, dtype=object)`.
  velocity_rframe = np.array([np.cos(heading) * self.speed, np.sin(heading) * self.speed])
/home/mschl/2DSimulator/entities.py:61: VisibleDeprecationWarning: Creating an ndarray from ragged nested sequences (which is a list-or-tuple of lists-or-tuples-or ndarrays with different lengths or shapes) is deprecated. If you meant to do this, you must specify 'dtype=object' when creating the ndarray.
  velocity_rframe = np.array([np.cos(heading) * self.speed, np.sin(heading) * self.speed])
/home/mschl/2DSimulator/entities.py:67: VisibleDeprecationWarning: Creating an ndarray from ragged nested sequences (which is a list-or-tuple of lists-or-tuples-or ndarrays with different lengths or shapes) is deprecated. If you meant to do this, you must specify 'dtype=object' when creating the ndarray.
  z_current = np.array([self.center.x,self.center.y,velocity_rframe[0],velocity_rframe[1]])
/home/mschl/2DSimulator/example_stopping_car.py:144: VisibleDeprecationWarning: Creating an ndarray from ragged nested sequences (which is a list-or-tuple of lists-or-tuples-or ndarrays with different lengths or shapes) is deprecated. If you meant to do this, you must specify 'dtype=object' when creating the ndarray.
  "acc":np.array(acc_list).T,
/home/mschl/2DSimulator/entities.py:119: FutureWarning: The input object of type 'Tensor' is an array-like implementing one of the corresponding protocols (`__array__`, `__array_interface__` or `__array_struct__`); but not a sequence (or 0-D). In the future, this object will be coerced as if it was first converted using `np.array(obj)`. To retain the old behaviour, you have to either modify the type 'Tensor', or assign to an empty array created with `np.empty(correct_shape, dtype=object)`.
  acc_new = np.array([np.cos(heading) * acc_abs, np.sin(heading) * acc_abs])
/home/mschl/2DSimulator/entities.py:119: VisibleDeprecationWarning: Creating an ndarray from ragged nested sequences (which is a list-or-tuple of lists-or-tuples-or ndarrays with different lengths or shapes) is deprecated. If you meant to do this, you must specify 'dtype=object' when creating the ndarray.
  acc_new = np.array([np.cos(heading) * acc_abs, np.sin(heading) * acc_abs])
/home/mschl/2DSimulator/entities.py:111: VisibleDeprecationWarning: Creating an ndarray from ragged nested sequences (which is a list-or-tuple of lists-or-tuples-or ndarrays with different lengths or shapes) is deprecated. If you meant to do this, you must specify 'dtype=object' when creating the ndarray.
  return np.array([z[2],z[3],acc[0],acc[1]])
/home/mschl/2DSimulator/entities.py:111: FutureWarning: The input object of type 'Tensor' is an array-like implementing one of the corresponding protocols (`__array__`, `__array_interface__` or `__array_struct__`); but not a sequence (or 0-D). In the future, this object will be coerced as if it was first converted using `np.array(obj)`. To retain the old behaviour, you have to either modify the type 'Tensor', or assign to an empty array created with `np.empty(correct_shape, dtype=object)`.
  return np.array([z[2],z[3],acc[0],acc[1]])
/home/mschl/2DSimulator/entities.py:117: FutureWarning: The input object of type 'Tensor' is an array-like implementing one of the corresponding protocols (`__array__`, `__array_interface__` or `__array_struct__`); but not a sequence (or 0-D). In the future, this object will be coerced as if it was first converted using `np.array(obj)`. To retain the old behaviour, you have to either modify the type 'Tensor', or assign to an empty array created with `np.empty(correct_shape, dtype=object)`.
  velocity_rframe = np.array([np.cos(heading) * self.speed, np.sin(heading) * self.speed])
/home/mschl/2DSimulator/entities.py:117: VisibleDeprecationWarning: Creating an ndarray from ragged nested sequences (which is a list-or-tuple of lists-or-tuples-or ndarrays with different lengths or shapes) is deprecated. If you meant to do this, you must specify 'dtype=object' when creating the ndarray.
  velocity_rframe = np.array([np.cos(heading) * self.speed, np.sin(heading) * self.speed])
/home/mschl/2DSimulator/entities.py:120: VisibleDeprecationWarning: Creating an ndarray from ragged nested sequences (which is a list-or-tuple of lists-or-tuples-or ndarrays with different lengths or shapes) is deprecated. If you meant to do this, you must specify 'dtype=object' when creating the ndarray.
  z_current = np.array([self.center.x,self.center.y,velocity_rframe[0],velocity_rframe[1]])
Found Failure Scenario
Found Failure Scenario
Found Failure Scenario
Found Failure Scenario
Found Failure Scenario
Found Failure Scenario
Found Failure Scenario
Found Failure Scenario
Found Failure Scenario
Found Failure Scenario
Found Failure Scenario
Found Failure Scenario
Found Failure Scenario
Found Failure Scenario
Found Failure Scenario
Found Failure Scenario
Found Failure Scenario
Found Failure Scenario
Found Failure Scenario
Found Failure Scenario
Found Failure Scenario
Found Failure Scenario
Found Failure Scenario
Found Failure Scenario
Found Failure Scenario
Found Failure Scenario
Found Failure Scenario
Found Failure Scenario
Found Failure Scenario
Found Failure Scenario
Found Failure Scenario
Found Failure Scenario
Found Failure Scenario
Found Failure Scenario
Found Failure Scenario
Found Failure Scenario
Found Failure Scenario
Found Failure Scenario
Found Failure Scenario
Found Failure Scenario
Found Failure Scenario
Found Failure Scenario
Found Failure Scenario
Found Failure Scenario
Found Failure Scenario
Found Failure Scenario
Found Failure Scenario
Found Failure Scenario
Found Failure Scenario
Found Failure Scenario
Found Failure Scenario
Found Failure Scenario
Found Failure Scenario
Found Failure Scenario
Found Failure Scenario
Found Failure Scenario
Found Failure Scenario
Found Failure Scenario
Found Failure Scenario
Found Failure Scenario
Found Failure Scenario
Found Failure Scenario
Found Failure Scenario
Found Failure Scenario
Found Failure Scenario
Found Failure Scenario
Found Failure Scenario
Found Failure Scenario
Found Failure Scenario
Found Failure Scenario
Found Failure Scenario
Found Failure Scenario
Found Failure Scenario
Found Failure Scenario
Found Failure Scenario
Found Failure Scenario
Found Failure Scenario
Found Failure Scenario
Found Failure Scenario
Found Failure Scenario
Found Failure Scenario
Found Failure Scenario
Found Failure Scenario
Found Failure Scenario
Found Failure Scenario
Found Failure Scenario
Found Failure Scenario
Found Failure Scenario
Found Failure Scenario
Found Failure Scenario
Found Failure Scenario
Found Failure Scenario
Found Failure Scenario
Found Failure Scenario
Found Failure Scenario
Found Failure Scenario
Found Failure Scenario
Found Failure Scenario
Found Failure Scenario
Found Failure Scenario
 25%|██▌       | 1/4 [28:42<1:26:08, 1722.81s/it]/home/mschl/2DSimulator/example_intersection.py:150: VisibleDeprecationWarning: Creating an ndarray from ragged nested sequences (which is a list-or-tuple of lists-or-tuples-or ndarrays with different lengths or shapes) is deprecated. If you meant to do this, you must specify 'dtype=object' when creating the ndarray.
  "acc":np.array(acc_list).T,
Found Failure Scenario
Found Failure Scenario
Found Failure Scenario
Found Failure Scenario
Found Failure Scenario
Found Failure Scenario
Found Failure Scenario
Found Failure Scenario
Found Failure Scenario
Found Failure Scenario
Found Failure Scenario
Found Failure Scenario
Found Failure Scenario
Found Failure Scenario
Found Failure Scenario
Found Failure Scenario
Found Failure Scenario
Found Failure Scenario
Found Failure Scenario
Found Failure Scenario
Found Failure Scenario
Found Failure Scenario
Found Failure Scenario
Found Failure Scenario
Found Failure Scenario
Found Failure Scenario
Found Failure Scenario
Found Failure Scenario
Found Failure Scenario
Found Failure Scenario
Found Failure Scenario
Found Failure Scenario
Found Failure Scenario
Found Failure Scenario
Found Failure Scenario
Found Failure Scenario
Found Failure Scenario
Found Failure Scenario
Found Failure Scenario
Found Failure Scenario
Found Failure Scenario
Found Failure Scenario
Found Failure Scenario
Found Failure Scenario
Found Failure Scenario
Found Failure Scenario
Found Failure Scenario
Found Failure Scenario
Found Failure Scenario
Found Failure Scenario
Found Failure Scenario
Found Failure Scenario
Found Failure Scenario
Found Failure Scenario
Found Failure Scenario
Found Failure Scenario
Found Failure Scenario
Found Failure Scenario
Found Failure Scenario
Found Failure Scenario
Found Failure Scenario
Found Failure Scenario
Found Failure Scenario
Found Failure Scenario
Found Failure Scenario
Found Failure Scenario
Found Failure Scenario
Found Failure Scenario
Found Failure Scenario
Found Failure Scenario
Found Failure Scenario
Found Failure Scenario
Found Failure Scenario
Found Failure Scenario
Found Failure Scenario
Found Failure Scenario
Found Failure Scenario
Found Failure Scenario
Found Failure Scenario
Found Failure Scenario
Found Failure Scenario
Found Failure Scenario
Found Failure Scenario
Found Failure Scenario
Found Failure Scenario
Found Failure Scenario
Found Failure Scenario
Found Failure Scenario
Found Failure Scenario
Found Failure Scenario
Found Failure Scenario
Found Failure Scenario
Found Failure Scenario
Found Failure Scenario
Found Failure Scenario
Found Failure Scenario
Found Failure Scenario
Found Failure Scenario
Found Failure Scenario
Found Failure Scenario
 50%|█████     | 2/4 [46:46<44:53, 1346.97s/it]  /home/mschl/2DSimulator/example_frontal_collision.py:155: VisibleDeprecationWarning: Creating an ndarray from ragged nested sequences (which is a list-or-tuple of lists-or-tuples-or ndarrays with different lengths or shapes) is deprecated. If you meant to do this, you must specify 'dtype=object' when creating the ndarray.
  "acc":np.array(acc_list).T,
Found Failure Scenario
Found Failure Scenario
Found Failure Scenario
Found Failure Scenario
Found Failure Scenario
Found Failure Scenario
Found Failure Scenario
Found Failure Scenario
Found Failure Scenario
Found Failure Scenario
Found Failure Scenario
Found Failure Scenario
Found Failure Scenario
Found Failure Scenario
Found Failure Scenario
Found Failure Scenario
Found Failure Scenario
Found Failure Scenario
Found Failure Scenario
Found Failure Scenario
Found Failure Scenario
Found Failure Scenario
Found Failure Scenario
Found Failure Scenario
Found Failure Scenario
Found Failure Scenario
Found Failure Scenario
Found Failure Scenario
Found Failure Scenario
Found Failure Scenario
Found Failure Scenario
Found Failure Scenario
Found Failure Scenario
Found Failure Scenario
Found Failure Scenario
Found Failure Scenario
Found Failure Scenario
Found Failure Scenario
Found Failure Scenario
Found Failure Scenario
Found Failure Scenario
Found Failure Scenario
Found Failure Scenario
Found Failure Scenario
Found Failure Scenario
Found Failure Scenario
Found Failure Scenario
Found Failure Scenario
Found Failure Scenario
Found Failure Scenario
Found Failure Scenario
Found Failure Scenario
Found Failure Scenario
Found Failure Scenario
Found Failure Scenario
Found Failure Scenario
Found Failure Scenario
Found Failure Scenario
Found Failure Scenario
Found Failure Scenario
Found Failure Scenario
Found Failure Scenario
Found Failure Scenario
Found Failure Scenario
Found Failure Scenario
Found Failure Scenario
Found Failure Scenario
Found Failure Scenario
Found Failure Scenario
Found Failure Scenario
Found Failure Scenario
Found Failure Scenario
Found Failure Scenario
Found Failure Scenario
Found Failure Scenario
Found Failure Scenario
Found Failure Scenario
Found Failure Scenario
Found Failure Scenario
Found Failure Scenario
Found Failure Scenario
Found Failure Scenario
Found Failure Scenario
Found Failure Scenario
Found Failure Scenario
Found Failure Scenario
Found Failure Scenario
Found Failure Scenario
Found Failure Scenario
Found Failure Scenario
Found Failure Scenario
Found Failure Scenario
Found Failure Scenario
Found Failure Scenario
Found Failure Scenario
Found Failure Scenario
Found Failure Scenario
Found Failure Scenario
Found Failure Scenario
Found Failure Scenario
 75%|███████▌  | 3/4 [2:58:54<1:12:31, 4351.99s/it]/home/mschl/2DSimulator/example_sinusoidal_car.py:158: VisibleDeprecationWarning: Creating an ndarray from ragged nested sequences (which is a list-or-tuple of lists-or-tuples-or ndarrays with different lengths or shapes) is deprecated. If you meant to do this, you must specify 'dtype=object' when creating the ndarray.
  "acc":np.array(acc_list).T,
Found Failure Scenario
Found Failure Scenario
Found Failure Scenario
Found Failure Scenario
Found Failure Scenario
Found Failure Scenario
Found Failure Scenario
Found Failure Scenario
Found Failure Scenario
Found Failure Scenario
Found Failure Scenario
Found Failure Scenario
Found Failure Scenario
Found Failure Scenario
Found Failure Scenario
Found Failure Scenario
Found Failure Scenario
Found Failure Scenario
Found Failure Scenario
Found Failure Scenario
Found Failure Scenario
Found Failure Scenario
Found Failure Scenario
Found Failure Scenario
Found Failure Scenario
Found Failure Scenario
Found Failure Scenario
Found Failure Scenario
Found Failure Scenario
Found Failure Scenario
Found Failure Scenario
Found Failure Scenario
Found Failure Scenario
Found Failure Scenario
Found Failure Scenario
Found Failure Scenario
Found Failure Scenario
Found Failure Scenario
Found Failure Scenario
Found Failure Scenario
Found Failure Scenario
Found Failure Scenario
Found Failure Scenario
Found Failure Scenario
Found Failure Scenario
Found Failure Scenario
Found Failure Scenario
Found Failure Scenario
Found Failure Scenario
Found Failure Scenario
Found Failure Scenario
Found Failure Scenario
Found Failure Scenario
Found Failure Scenario
Found Failure Scenario
Found Failure Scenario
Found Failure Scenario
Found Failure Scenario
Found Failure Scenario
Found Failure Scenario
Found Failure Scenario
Found Failure Scenario
Found Failure Scenario
Found Failure Scenario
Found Failure Scenario
Found Failure Scenario
Found Failure Scenario
Found Failure Scenario
Found Failure Scenario
Found Failure Scenario
Found Failure Scenario
Found Failure Scenario
Found Failure Scenario
Found Failure Scenario
Found Failure Scenario
Found Failure Scenario
Found Failure Scenario
Found Failure Scenario
Found Failure Scenario
Found Failure Scenario
Found Failure Scenario
Found Failure Scenario
Found Failure Scenario
Found Failure Scenario
Found Failure Scenario
Found Failure Scenario
Found Failure Scenario
Found Failure Scenario
Found Failure Scenario
Found Failure Scenario
Found Failure Scenario
Found Failure Scenario
Found Failure Scenario
Found Failure Scenario
Found Failure Scenario
Found Failure Scenario
Found Failure Scenario
Found Failure Scenario
Found Failure Scenario
Found Failure Scenario
100%|██████████| 4/4 [4:42:36<00:00, 5090.16s/it]  100%|██████████| 4/4 [4:42:36<00:00, 4239.11s/it]
Results for  [700]
Mean MSE FC:  4.608332633972168
Std MSE FC:  20.08586883544922
Miss Rate FC:  0.03
Mean MSE NFC:  4.796082019805908
Std MSE NFC:  28.601238250732422
Miss Rate NFC:  0.02
stop
